  main.cpp
c:\users\journey\documents\visual studio 2015\projects\pairwisesequencealignment_using_dp\pairwisesequencealignment_using_dp\psa_dp.h(96): warning C4996: 'strcpy': This function or variable may be unsafe. Consider using strcpy_s instead. To disable deprecation, use _CRT_SECURE_NO_WARNINGS. See online help for details.
  c:\program files (x86)\windows kits\10\include\10.0.10240.0\ucrt\string.h(119): note: 'strcpy' 선언을 참조하십시오.
c:\users\journey\documents\visual studio 2015\projects\pairwisesequencealignment_using_dp\pairwisesequencealignment_using_dp\psa_dp.h(98): warning C4996: 'strcpy': This function or variable may be unsafe. Consider using strcpy_s instead. To disable deprecation, use _CRT_SECURE_NO_WARNINGS. See online help for details.
  c:\program files (x86)\windows kits\10\include\10.0.10240.0\ucrt\string.h(119): note: 'strcpy' 선언을 참조하십시오.
c:\users\journey\documents\visual studio 2015\projects\pairwisesequencealignment_using_dp\pairwisesequencealignment_using_dp\psa_dp.h(278): warning C4018: '<': signed 또는 unsigned가 일치하지 않습니다.
c:\users\journey\documents\visual studio 2015\projects\pairwisesequencealignment_using_dp\pairwisesequencealignment_using_dp\psa_dp.h(291): warning C4018: '<': signed 또는 unsigned가 일치하지 않습니다.
c:\users\journey\documents\visual studio 2015\projects\pairwisesequencealignment_using_dp\pairwisesequencealignment_using_dp\psa_dp.h(295): warning C4018: '<': signed 또는 unsigned가 일치하지 않습니다.
c:\users\journey\documents\visual studio 2015\projects\pairwisesequencealignment_using_dp\pairwisesequencealignment_using_dp\psa_dp.h(302): warning C4018: '<': signed 또는 unsigned가 일치하지 않습니다.
c:\users\journey\documents\visual studio 2015\projects\pairwisesequencealignment_using_dp\pairwisesequencealignment_using_dp\psa_dp.h(304): warning C4018: '<': signed 또는 unsigned가 일치하지 않습니다.
c:\users\journey\documents\visual studio 2015\projects\pairwisesequencealignment_using_dp\pairwisesequencealignment_using_dp\psa_dp.h(326): warning C4018: '<': signed 또는 unsigned가 일치하지 않습니다.
c:\users\journey\documents\visual studio 2015\projects\pairwisesequencealignment_using_dp\pairwisesequencealignment_using_dp\psa_dp.h(328): warning C4018: '<': signed 또는 unsigned가 일치하지 않습니다.
c:\users\journey\documents\visual studio 2015\projects\pairwisesequencealignment_using_dp\pairwisesequencealignment_using_dp\psa_dp.h(342): warning C4018: '<': signed 또는 unsigned가 일치하지 않습니다.
c:\users\journey\documents\visual studio 2015\projects\pairwisesequencealignment_using_dp\pairwisesequencealignment_using_dp\psa_dp.h(364): warning C4018: '<': signed 또는 unsigned가 일치하지 않습니다.
c:\users\journey\documents\visual studio 2015\projects\pairwisesequencealignment_using_dp\pairwisesequencealignment_using_dp\psa_dp.h(376): warning C4018: '<': signed 또는 unsigned가 일치하지 않습니다.
c:\users\journey\documents\visual studio 2015\projects\pairwisesequencealignment_using_dp\pairwisesequencealignment_using_dp\psa_dp.h(378): warning C4018: '<': signed 또는 unsigned가 일치하지 않습니다.
c:\users\journey\documents\visual studio 2015\projects\pairwisesequencealignment_using_dp\pairwisesequencealignment_using_dp\psa_dp.h(390): warning C4018: '<': signed 또는 unsigned가 일치하지 않습니다.
c:\users\journey\documents\visual studio 2015\projects\pairwisesequencealignment_using_dp\pairwisesequencealignment_using_dp\psa_dp.h(392): warning C4018: '<': signed 또는 unsigned가 일치하지 않습니다.
  PairwiseSequenceAlignment_using_DP.vcxproj -> C:\Users\Journey\documents\visual studio 2015\Projects\PairwiseSequenceAlignment_using_DP\Debug\PairwiseSequenceAlignment_using_DP.exe
  PairwiseSequenceAlignment_using_DP.vcxproj -> C:\Users\Journey\documents\visual studio 2015\Projects\PairwiseSequenceAlignment_using_DP\Debug\PairwiseSequenceAlignment_using_DP.pdb (Full PDB)
